Using pre-set license
Built from '2020.3/release' branch; Version is '2020.3.1f1 (77a89f25062f) revision 7841951'; Using compiler version '192528614'; Build Type 'Release'
OS: 'Windows 10 Pro Education; OS build 19042.1348; Version 2009; 64bit' Language: 'es' Physical Memory: 16296 MB
BatchMode: 1, IsHumanControllingUs: 0, StartBugReporterOnCrash: 0, Is64bit: 1, IsPro: 0

 COMMAND LINE ARGUMENTS:
C:\Program Files\Unity\Hub\Editor\2020.3.1f1\Editor\Unity.exe
-adb2
-batchMode
-noUpm
-name
AssetImportWorker0
-projectPath
C:/Users/ani/Desktop/repos temp viernes sin disco duro/juego 2dt/robots/robotgame
-logFile
Logs/AssetImportWorker0.log
-srvPort
50719
Successfully changed project path to: C:/Users/ani/Desktop/repos temp viernes sin disco duro/juego 2dt/robots/robotgame
C:/Users/ani/Desktop/repos temp viernes sin disco duro/juego 2dt/robots/robotgame
Using Asset Import Pipeline V2.
Refreshing native plugins compatible for Editor in 20.78 ms, found 0 plugins.
Preloading 0 native plugins for Editor in 0.00 ms.
Initialize engine version: 2020.3.1f1 (77a89f25062f)
[Subsystems] Discovering subsystems at path C:/Program Files/Unity/Hub/Editor/2020.3.1f1/Editor/Data/Resources/UnitySubsystems
[Subsystems] Discovering subsystems at path C:/Users/ani/Desktop/repos temp viernes sin disco duro/juego 2dt/robots/robotgame/Assets
GfxDevice: creating device client; threaded=0
Direct3D:
    Version:  Direct3D 11.0 [level 11.1]
    Renderer: NVIDIA GeForce GTX 1660 SUPER (ID=0x21c4)
    Vendor:   
    VRAM:     5991 MB
    Driver:   27.21.14.5730
Initialize mono
Mono path[0] = 'C:/Program Files/Unity/Hub/Editor/2020.3.1f1/Editor/Data/Managed'
Mono path[1] = 'C:/Program Files/Unity/Hub/Editor/2020.3.1f1/Editor/Data/MonoBleedingEdge/lib/mono/unityjit'
Mono config path = 'C:/Program Files/Unity/Hub/Editor/2020.3.1f1/Editor/Data/MonoBleedingEdge/etc'
Using monoOptions --debugger-agent=transport=dt_socket,embedding=1,server=y,suspend=n,address=127.0.0.1:56448
Begin MonoManager ReloadAssembly
Registering precompiled unity dll's ...
Register platform support module: C:/Program Files/Unity/Hub/Editor/2020.3.1f1/Editor/Data/PlaybackEngines/WindowsStandaloneSupport/UnityEditor.WindowsStandalone.Extensions.dll
Registered in 0.001447 seconds.
Native extension for WindowsStandalone target not found
Refreshing native plugins compatible for Editor in 21.37 ms, found 0 plugins.
Preloading 0 native plugins for Editor in 0.00 ms.
Invoked RoslynAnalysisRunner static constructor.
RoslynAnalysisRunner will not be running.
RoslynAnalysisRunner has terminated.
Mono: successfully reloaded assembly
- Completed reload, in  1.460 seconds
Platform modules already initialized, skipping
Registering precompiled user dll's ...
Registered in 0.000525 seconds.
Begin MonoManager ReloadAssembly
Native extension for WindowsStandalone target not found
Refreshing native plugins compatible for Editor in 0.19 ms, found 0 plugins.
Preloading 0 native plugins for Editor in 0.00 ms.
Invoked RoslynAnalysisRunner static constructor.
RoslynAnalysisRunner will not be running.
RoslynAnalysisRunner has terminated.
Mono: successfully reloaded assembly
- Completed reload, in  0.704 seconds
Platform modules already initialized, skipping
========================================================================
Worker process is ready to serve import requests
Launched and connected shader compiler UnityShaderCompiler.exe after 0.03 seconds
Refreshing native plugins compatible for Editor in 0.18 ms, found 0 plugins.
Preloading 0 native plugins for Editor in 0.00 ms.
Unloading 1113 Unused Serialized files (Serialized files now loaded: 0)
System memory in use before: 57.2 MB.
System memory in use after: 57.3 MB.

Unloading 10 unused Assets to reduce memory usage. Loaded Objects now: 1555.
Total: 1.519200 ms (FindLiveObjects: 0.136600 ms CreateObjectMapping: 0.037400 ms MarkObjects: 1.275900 ms  DeleteObjects: 0.068000 ms)

========================================================================
Received Import Request.
  path: Assets/Scenes
  artifactKey: Guid(5a1c2f8bcf0955d4480c86d85e0bb8d1) Importer(815301076,1909f56bfc062723c751e8b465ee728b)
Start importing Assets/Scenes using Guid(5a1c2f8bcf0955d4480c86d85e0bb8d1) Importer(815301076,1909f56bfc062723c751e8b465ee728b)  -> (artifact id: '0e224106e1cca2ba773f5c87bd445581') in 0.006578 seconds
  Import took 0.008249 seconds .

========================================================================
Received Import Request.
  Time since last request: 0.000217 seconds.
  path: Assets/Scenes/SampleScene.unity
  artifactKey: Guid(9fc0d4010bbf28b4594072e72b8655ab) Importer(815301076,1909f56bfc062723c751e8b465ee728b)
Start importing Assets/Scenes/SampleScene.unity using Guid(9fc0d4010bbf28b4594072e72b8655ab) Importer(815301076,1909f56bfc062723c751e8b465ee728b)  -> (artifact id: '9a0c7bd3eade52b464e03a3fa19ccb01') in 0.010807 seconds
  Import took 0.012345 seconds .

========================================================================
Received Import Request.
  Time since last request: 17.372351 seconds.
  path: Assets/Scenes/juegorobot.unity
  artifactKey: Guid(9fc0d4010bbf28b4594072e72b8655ab) Importer(815301076,1909f56bfc062723c751e8b465ee728b)
Start importing Assets/Scenes/juegorobot.unity using Guid(9fc0d4010bbf28b4594072e72b8655ab) Importer(815301076,1909f56bfc062723c751e8b465ee728b)  -> (artifact id: '5edc725708580e5dd7445d961bb4f7b9') in 0.005437 seconds
  Import took 0.007081 seconds .

========================================================================
Received Import Request.
  Time since last request: 6.200857 seconds.
  path: Assets
  artifactKey: Guid(00000000000000001000000000000000) Importer(815301076,1909f56bfc062723c751e8b465ee728b)
Start importing Assets using Guid(00000000000000001000000000000000) Importer(815301076,1909f56bfc062723c751e8b465ee728b)  -> (artifact id: 'a6374019befeac6ce670f13ba9960efb') in 0.006098 seconds
  Import took 0.007761 seconds .

========================================================================
Received Import Request.
  Time since last request: 52.011979 seconds.
  path: Assets/New Folder
  artifactKey: Guid(916511b378321c94e852f9a298f2a9ea) Importer(815301076,1909f56bfc062723c751e8b465ee728b)
Start importing Assets/New Folder using Guid(916511b378321c94e852f9a298f2a9ea) Importer(815301076,1909f56bfc062723c751e8b465ee728b)  -> (artifact id: '28d7bd6ab7be464ac08f3c5ca40092b8') in 0.005382 seconds
  Import took 0.007090 seconds .

========================================================================
Received Import Request.
  Time since last request: 13.406747 seconds.
  path: Assets/sprites
  artifactKey: Guid(916511b378321c94e852f9a298f2a9ea) Importer(815301076,1909f56bfc062723c751e8b465ee728b)
Start importing Assets/sprites using Guid(916511b378321c94e852f9a298f2a9ea) Importer(815301076,1909f56bfc062723c751e8b465ee728b)  -> (artifact id: '1b93a42708f90cdcb0f9f00936526319') in 0.005325 seconds
  Import took 0.006925 seconds .

========================================================================
Received Import Request.
  Time since last request: 13.620313 seconds.
  path: Assets/prefubs
  artifactKey: Guid(980f854ee28a9a44d8c40b23f18a7f81) Importer(815301076,1909f56bfc062723c751e8b465ee728b)
Start importing Assets/prefubs using Guid(980f854ee28a9a44d8c40b23f18a7f81) Importer(815301076,1909f56bfc062723c751e8b465ee728b)  -> (artifact id: 'a50da4d2a648b401a70998bde115175d') in 0.005519 seconds
  Import took 0.007162 seconds .

========================================================================
Received Import Request.
  Time since last request: 9.847329 seconds.
  path: Assets/scripts
  artifactKey: Guid(93402fa5af1a4e748afdf4632d5f231a) Importer(815301076,1909f56bfc062723c751e8b465ee728b)
Start importing Assets/scripts using Guid(93402fa5af1a4e748afdf4632d5f231a) Importer(815301076,1909f56bfc062723c751e8b465ee728b)  -> (artifact id: '4dd7b721484593e844bc25f15d594aa4') in 0.005152 seconds
  Import took 0.006737 seconds .

========================================================================
Received Prepare
Registering precompiled user dll's ...
Registered in 0.000444 seconds.
Begin MonoManager ReloadAssembly
Native extension for WindowsStandalone target not found
Refreshing native plugins compatible for Editor in 0.20 ms, found 0 plugins.
Preloading 0 native plugins for Editor in 0.00 ms.
Invoked RoslynAnalysisRunner static constructor.
RoslynAnalysisRunner will not be running.
RoslynAnalysisRunner has terminated.
Mono: successfully reloaded assembly
- Completed reload, in  0.674 seconds
Platform modules already initialized, skipping
Refreshing native plugins compatible for Editor in 0.19 ms, found 0 plugins.
Preloading 0 native plugins for Editor in 0.00 ms.
Unloading 1142 Unused Serialized files (Serialized files now loaded: 0)
System memory in use before: 58.3 MB.
System memory in use after: 58.3 MB.

Unloading 5 unused Assets to reduce memory usage. Loaded Objects now: 1592.
Total: 1.350700 ms (FindLiveObjects: 0.117700 ms CreateObjectMapping: 0.027000 ms MarkObjects: 1.167500 ms  DeleteObjects: 0.037600 ms)

========================================================================
Received Import Request.
  Time since last request: 134.250784 seconds.
  path: Assets/images
  artifactKey: Guid(9acf510402de1a84385a028fc269c313) Importer(815301076,1909f56bfc062723c751e8b465ee728b)
Start importing Assets/images using Guid(9acf510402de1a84385a028fc269c313) Importer(815301076,1909f56bfc062723c751e8b465ee728b)  -> (artifact id: '0cf065c0f598abd53b79d47ec1ebf880') in 0.007638 seconds
  Import took 0.009357 seconds .

========================================================================
Received Import Request.
  Time since last request: 304.803796 seconds.
  path: Assets/scripts/PlatformWhiteSprite.png
  artifactKey: Guid(cb2be82bb286bdf489746ed03589a02f) Importer(815301076,1909f56bfc062723c751e8b465ee728b)
Start importing Assets/scripts/PlatformWhiteSprite.png using Guid(cb2be82bb286bdf489746ed03589a02f) Importer(815301076,1909f56bfc062723c751e8b465ee728b)  -> (artifact id: '7ae2a0bd57d11031ca89e1008dd75ea6') in 0.072113 seconds
  Import took 0.073812 seconds .

========================================================================
Received Import Request.
  Time since last request: 0.000239 seconds.
  path: Assets/scripts/RobotBoyCrouchSprite.png
  artifactKey: Guid(4bae25806237d9d498bff16e2869f52c) Importer(815301076,1909f56bfc062723c751e8b465ee728b)
Start importing Assets/scripts/RobotBoyCrouchSprite.png using Guid(4bae25806237d9d498bff16e2869f52c) Importer(815301076,1909f56bfc062723c751e8b465ee728b)  -> (artifact id: '191c05a68542ca95cfa9905b8bc12aec') in 0.022654 seconds
  Import took 0.024160 seconds .

========================================================================
Received Import Request.
  Time since last request: 0.000135 seconds.
  path: Assets/scripts/RobotBoyIdleSprite.png
  artifactKey: Guid(d657e904240c2e64586fd6e15428414e) Importer(815301076,1909f56bfc062723c751e8b465ee728b)
Start importing Assets/scripts/RobotBoyIdleSprite.png using Guid(d657e904240c2e64586fd6e15428414e) Importer(815301076,1909f56bfc062723c751e8b465ee728b)  -> (artifact id: '32978a5fe017362816b2ee0d497206ee') in 0.017143 seconds
  Import took 0.018702 seconds .

========================================================================
Received Import Request.
  Time since last request: 0.000175 seconds.
  path: Assets/scripts/RobotBoyWalkSprite.png
  artifactKey: Guid(a503f6267859e534781a7825d0367df1) Importer(815301076,1909f56bfc062723c751e8b465ee728b)
Start importing Assets/scripts/RobotBoyWalkSprite.png using Guid(a503f6267859e534781a7825d0367df1) Importer(815301076,1909f56bfc062723c751e8b465ee728b)  -> (artifact id: '614906439624a4a9714eb91e38ba8f58') in 0.010866 seconds
  Import took 0.012435 seconds .

========================================================================
Received Import Request.
  Time since last request: 0.000161 seconds.
  path: Assets/scripts/RobotBoyJumpSprite.png
  artifactKey: Guid(1505ff7f8a856894c89152289da6baed) Importer(815301076,1909f56bfc062723c751e8b465ee728b)
Start importing Assets/scripts/RobotBoyJumpSprite.png using Guid(1505ff7f8a856894c89152289da6baed) Importer(815301076,1909f56bfc062723c751e8b465ee728b)  -> (artifact id: 'dc1972c50aa7b427c01265e9c08f669d') in 0.016776 seconds
  Import took 0.018384 seconds .

========================================================================
Received Import Request.
  Time since last request: 0.000139 seconds.
  path: Assets/scripts/RobotBoyDeathSprite.png
  artifactKey: Guid(cd217c6002996fe4aaba04e7f19e07c2) Importer(815301076,1909f56bfc062723c751e8b465ee728b)
Start importing Assets/scripts/RobotBoyDeathSprite.png using Guid(cd217c6002996fe4aaba04e7f19e07c2) Importer(815301076,1909f56bfc062723c751e8b465ee728b)  -> (artifact id: 'a9a1230f2f185733c96262c30dfea8c8') in 0.015527 seconds
  Import took 0.017131 seconds .

========================================================================
Received Import Request.
  Time since last request: 0.000185 seconds.
  path: Assets/scripts/RobotBoyRunSprite.png
  artifactKey: Guid(a9c1fc81e85e06242b4b4c09463935cf) Importer(815301076,1909f56bfc062723c751e8b465ee728b)
Start importing Assets/scripts/RobotBoyRunSprite.png using Guid(a9c1fc81e85e06242b4b4c09463935cf) Importer(815301076,1909f56bfc062723c751e8b465ee728b)  -> (artifact id: 'ffd28009485758345b785052e1f1a174') in 0.015035 seconds
  Import took 0.016592 seconds .

========================================================================
Received Import Request.
  Time since last request: 0.000127 seconds.
  path: Assets/scripts/RobotBoyRollSprite.png
  artifactKey: Guid(ad659c86ef81ac44d83cca87edf92b3f) Importer(815301076,1909f56bfc062723c751e8b465ee728b)
Start importing Assets/scripts/RobotBoyRollSprite.png using Guid(ad659c86ef81ac44d83cca87edf92b3f) Importer(815301076,1909f56bfc062723c751e8b465ee728b)  -> (artifact id: 'b526e6a25310661dfc85778014192c64') in 0.013012 seconds
  Import took 0.014852 seconds .

========================================================================
Received Import Request.
  Time since last request: 0.001207 seconds.
  path: Assets/scripts/RobotBoyRollSprite.png
  artifactKey: Guid(ad659c86ef81ac44d83cca87edf92b3f) Importer(815301076,1909f56bfc062723c751e8b465ee728b)
Start importing Assets/scripts/RobotBoyRollSprite.png using Guid(ad659c86ef81ac44d83cca87edf92b3f) Importer(815301076,1909f56bfc062723c751e8b465ee728b)  -> (artifact id: 'b526e6a25310661dfc85778014192c64') in 0.009767 seconds
  Import took 0.011369 seconds .

========================================================================
Received Import Request.
  Time since last request: 23.868997 seconds.
  path: Assets/scripts/PlatformWhiteSprite.png
  artifactKey: Guid(cb2be82bb286bdf489746ed03589a02f) Importer(815301076,1909f56bfc062723c751e8b465ee728b)
Start importing Assets/scripts/PlatformWhiteSprite.png using Guid(cb2be82bb286bdf489746ed03589a02f) Importer(815301076,1909f56bfc062723c751e8b465ee728b)  -> (artifact id: 'ed624bd2873c2bc5a4010036ad627ec6') in 0.038554 seconds
  Import took 0.040356 seconds .

========================================================================
Received Import Request.
  Time since last request: 37.521578 seconds.
  path: Assets/scripts/RobotBoyCrouchSprite.png
  artifactKey: Guid(4bae25806237d9d498bff16e2869f52c) Importer(815301076,1909f56bfc062723c751e8b465ee728b)
Start importing Assets/scripts/RobotBoyCrouchSprite.png using Guid(4bae25806237d9d498bff16e2869f52c) Importer(815301076,1909f56bfc062723c751e8b465ee728b)  -> (artifact id: 'dbd75e727b549b5009e20b2729feeac1') in 0.019088 seconds
  Import took 0.020891 seconds .

========================================================================
Received Import Request.
  Time since last request: 23.094455 seconds.
  path: Assets/scripts/RobotBoyCrouchSprite.png
  artifactKey: Guid(4bae25806237d9d498bff16e2869f52c) Importer(815301076,1909f56bfc062723c751e8b465ee728b)
Start importing Assets/scripts/RobotBoyCrouchSprite.png using Guid(4bae25806237d9d498bff16e2869f52c) Importer(815301076,1909f56bfc062723c751e8b465ee728b)  -> (artifact id: '63c6e584e81c8fe11d07138451f94e6c') in 0.015584 seconds
  Import took 0.017455 seconds .

========================================================================
Received Import Request.
  Time since last request: 625.260054 seconds.
  path: Assets/scripts/RobotBoyCrouchSprite.png
  artifactKey: Guid(4bae25806237d9d498bff16e2869f52c) Importer(815301076,1909f56bfc062723c751e8b465ee728b)
Start importing Assets/scripts/RobotBoyCrouchSprite.png using Guid(4bae25806237d9d498bff16e2869f52c) Importer(815301076,1909f56bfc062723c751e8b465ee728b)  -> (artifact id: '4f0438a6ea14dac4405c61c80e612fee') in 0.112596 seconds
  Import took 0.114770 seconds .

========================================================================
Received Import Request.
  Time since last request: 18.943284 seconds.
  path: Assets/scripts/RobotBoyDeathSprite.png
  artifactKey: Guid(cd217c6002996fe4aaba04e7f19e07c2) Importer(815301076,1909f56bfc062723c751e8b465ee728b)
Start importing Assets/scripts/RobotBoyDeathSprite.png using Guid(cd217c6002996fe4aaba04e7f19e07c2) Importer(815301076,1909f56bfc062723c751e8b465ee728b)  -> (artifact id: 'c7c94cab244e10538a04555579452d88') in 0.028803 seconds
  Import took 0.030617 seconds .

========================================================================
Received Import Request.
  Time since last request: 17.899549 seconds.
  path: Assets/scripts/RobotBoyDeathSprite.png
  artifactKey: Guid(cd217c6002996fe4aaba04e7f19e07c2) Importer(815301076,1909f56bfc062723c751e8b465ee728b)
Start importing Assets/scripts/RobotBoyDeathSprite.png using Guid(cd217c6002996fe4aaba04e7f19e07c2) Importer(815301076,1909f56bfc062723c751e8b465ee728b)  -> (artifact id: '7f4b2e7eb08c0b46a6d3f28a300d691a') in 0.081341 seconds
  Import took 0.083212 seconds .

========================================================================
Received Import Request.
  Time since last request: 20.985762 seconds.
  path: Assets/scripts/RobotBoyIdleSprite.png
  artifactKey: Guid(d657e904240c2e64586fd6e15428414e) Importer(815301076,1909f56bfc062723c751e8b465ee728b)
Start importing Assets/scripts/RobotBoyIdleSprite.png using Guid(d657e904240c2e64586fd6e15428414e) Importer(815301076,1909f56bfc062723c751e8b465ee728b)  -> (artifact id: 'db09e958b00e7b6b78e590abaeeb453b') in 0.022187 seconds
  Import took 0.024692 seconds .

========================================================================
Received Import Request.
  Time since last request: 8.733589 seconds.
  path: Assets/scripts/RobotBoyIdleSprite.png
  artifactKey: Guid(d657e904240c2e64586fd6e15428414e) Importer(815301076,1909f56bfc062723c751e8b465ee728b)
Start importing Assets/scripts/RobotBoyIdleSprite.png using Guid(d657e904240c2e64586fd6e15428414e) Importer(815301076,1909f56bfc062723c751e8b465ee728b)  -> (artifact id: '658c1fe6f40d73f54d5b7f3894f55f2d') in 0.081444 seconds
  Import took 0.083325 seconds .

========================================================================
Received Import Request.
  Time since last request: 23.119478 seconds.
  path: Assets/scripts/RobotBoyJumpSprite.png
  artifactKey: Guid(1505ff7f8a856894c89152289da6baed) Importer(815301076,1909f56bfc062723c751e8b465ee728b)
Start importing Assets/scripts/RobotBoyJumpSprite.png using Guid(1505ff7f8a856894c89152289da6baed) Importer(815301076,1909f56bfc062723c751e8b465ee728b)  -> (artifact id: '1f1d6010d4b35da56e793fc38abb64d4') in 0.011670 seconds
  Import took 0.013451 seconds .

========================================================================
Received Import Request.
  Time since last request: 18.982120 seconds.
  path: Assets/scripts/RobotBoyJumpSprite.png
  artifactKey: Guid(1505ff7f8a856894c89152289da6baed) Importer(815301076,1909f56bfc062723c751e8b465ee728b)
Start importing Assets/scripts/RobotBoyJumpSprite.png using Guid(1505ff7f8a856894c89152289da6baed) Importer(815301076,1909f56bfc062723c751e8b465ee728b)  -> (artifact id: 'd3f3f72193bbf9a466459c82545f4066') in 0.094045 seconds
  Import took 0.095953 seconds .

========================================================================
Received Import Request.
  Time since last request: 31.098509 seconds.
  path: Assets/scripts/RobotBoyRollSprite.png
  artifactKey: Guid(ad659c86ef81ac44d83cca87edf92b3f) Importer(815301076,1909f56bfc062723c751e8b465ee728b)
Start importing Assets/scripts/RobotBoyRollSprite.png using Guid(ad659c86ef81ac44d83cca87edf92b3f) Importer(815301076,1909f56bfc062723c751e8b465ee728b)  -> (artifact id: '096a52037348b67dac6577cda72cc484') in 0.023668 seconds
  Import took 0.025892 seconds .

========================================================================
Received Import Request.
  Time since last request: 22.677769 seconds.
  path: Assets/scripts/RobotBoyRollSprite.png
  artifactKey: Guid(ad659c86ef81ac44d83cca87edf92b3f) Importer(815301076,1909f56bfc062723c751e8b465ee728b)
Start importing Assets/scripts/RobotBoyRollSprite.png using Guid(ad659c86ef81ac44d83cca87edf92b3f) Importer(815301076,1909f56bfc062723c751e8b465ee728b)  -> (artifact id: '39f4d982dd3f38db39facb0a7091e81e') in 0.090500 seconds
  Import took 0.092309 seconds .

========================================================================
Received Import Request.
  Time since last request: 24.732992 seconds.
  path: Assets/scripts/PlatformWhiteSprite.png
  artifactKey: Guid(cb2be82bb286bdf489746ed03589a02f) Importer(815301076,1909f56bfc062723c751e8b465ee728b)
Start importing Assets/scripts/PlatformWhiteSprite.png using Guid(cb2be82bb286bdf489746ed03589a02f) Importer(815301076,1909f56bfc062723c751e8b465ee728b)  -> (artifact id: 'beb3c9fff074808d975b5e06d072117f') in 0.004709 seconds
  Import took 0.006591 seconds .

========================================================================
Received Import Request.
  Time since last request: 29.534557 seconds.
  path: Assets/scripts/RobotBoyRunSprite.png
  artifactKey: Guid(a9c1fc81e85e06242b4b4c09463935cf) Importer(815301076,1909f56bfc062723c751e8b465ee728b)
Start importing Assets/scripts/RobotBoyRunSprite.png using Guid(a9c1fc81e85e06242b4b4c09463935cf) Importer(815301076,1909f56bfc062723c751e8b465ee728b)  -> (artifact id: 'a63178e21cfe0d5d9983bc6f2fe6275b') in 0.013070 seconds
  Import took 0.014966 seconds .

========================================================================
Received Import Request.
  Time since last request: 7.950486 seconds.
  path: Assets/scripts/RobotBoyRunSprite.png
  artifactKey: Guid(a9c1fc81e85e06242b4b4c09463935cf) Importer(815301076,1909f56bfc062723c751e8b465ee728b)
Start importing Assets/scripts/RobotBoyRunSprite.png using Guid(a9c1fc81e85e06242b4b4c09463935cf) Importer(815301076,1909f56bfc062723c751e8b465ee728b)  -> (artifact id: 'd5a67b9411e5d5933e6ea39c01c8f73c') in 0.068978 seconds
  Import took 0.070889 seconds .

========================================================================
Received Import Request.
  Time since last request: 14.176665 seconds.
  path: Assets/scripts/RobotBoyWalkSprite.png
  artifactKey: Guid(a503f6267859e534781a7825d0367df1) Importer(815301076,1909f56bfc062723c751e8b465ee728b)
Start importing Assets/scripts/RobotBoyWalkSprite.png using Guid(a503f6267859e534781a7825d0367df1) Importer(815301076,1909f56bfc062723c751e8b465ee728b)  -> (artifact id: '31c217714546537095247b08633f2b05') in 0.014477 seconds
  Import took 0.016357 seconds .

========================================================================
Received Import Request.
  Time since last request: 5.843014 seconds.
  path: Assets/scripts/RobotBoyWalkSprite.png
  artifactKey: Guid(a503f6267859e534781a7825d0367df1) Importer(815301076,1909f56bfc062723c751e8b465ee728b)
Start importing Assets/scripts/RobotBoyWalkSprite.png using Guid(a503f6267859e534781a7825d0367df1) Importer(815301076,1909f56bfc062723c751e8b465ee728b)  -> (artifact id: 'cf7c71e8a1a8fe4bde7b95c011f53dd5') in 0.064451 seconds
  Import took 0.066230 seconds .

========================================================================
Received Import Request.
  Time since last request: 8.473530 seconds.
  path: Assets/scripts/RobotBoyWalkSprite.png
  artifactKey: Guid(a503f6267859e534781a7825d0367df1) Importer(815301076,1909f56bfc062723c751e8b465ee728b)
Start importing Assets/scripts/RobotBoyWalkSprite.png using Guid(a503f6267859e534781a7825d0367df1) Importer(815301076,1909f56bfc062723c751e8b465ee728b)  -> (artifact id: 'b76fdf68da25fb685da842414e35de0f') in 0.045501 seconds
  Import took 0.047322 seconds .

========================================================================
Received Import Request.
  Time since last request: 92.457957 seconds.
  path: Assets/images/12535-tecnologia.jpg
  artifactKey: Guid(8bdaec11d02c0ac4086257dbbfbc6a13) Importer(815301076,1909f56bfc062723c751e8b465ee728b)
Start importing Assets/images/12535-tecnologia.jpg using Guid(8bdaec11d02c0ac4086257dbbfbc6a13) Importer(815301076,1909f56bfc062723c751e8b465ee728b)  -> (artifact id: 'c41cb443b9728eb71159f1703add0189') in 0.017445 seconds
  Import took 0.019262 seconds .

========================================================================
Received Import Request.
  Time since last request: 0.000144 seconds.
  path: Assets/images/CratePinkGridSprite.png
  artifactKey: Guid(b6c4d15f92417a54d9825e5ec7817f40) Importer(815301076,1909f56bfc062723c751e8b465ee728b)
Start importing Assets/images/CratePinkGridSprite.png using Guid(b6c4d15f92417a54d9825e5ec7817f40) Importer(815301076,1909f56bfc062723c751e8b465ee728b)  -> (artifact id: '7baa9997cdb902613f6175150ad7c9d3') in 0.008614 seconds
  Import took 0.010253 seconds .

========================================================================
Received Import Request.
  Time since last request: 0.000129 seconds.
  path: Assets/images/PlatformWhiteSprite.png
  artifactKey: Guid(d9b0e75f52e269244935b914287dc039) Importer(815301076,1909f56bfc062723c751e8b465ee728b)
Start importing Assets/images/PlatformWhiteSprite.png using Guid(d9b0e75f52e269244935b914287dc039) Importer(815301076,1909f56bfc062723c751e8b465ee728b)  -> (artifact id: '95cbe60352d867d432b34a172b972337') in 0.008893 seconds
  Import took 0.010554 seconds .

========================================================================
Received Import Request.
  Time since last request: 0.000152 seconds.
  path: Assets/images/BackgroundGreyGridSprite.png
  artifactKey: Guid(d506ec9bdfcdf2d449d3fe05089a7e41) Importer(815301076,1909f56bfc062723c751e8b465ee728b)
Start importing Assets/images/BackgroundGreyGridSprite.png using Guid(d506ec9bdfcdf2d449d3fe05089a7e41) Importer(815301076,1909f56bfc062723c751e8b465ee728b)  -> (artifact id: '265d63ee666d9e782e8538896e002e5b') in 0.009574 seconds
  Import took 0.011339 seconds .

========================================================================
Received Import Request.
  Time since last request: 0.000130 seconds.
  path: Assets/images/BackgroundNavyGridSprite.png
  artifactKey: Guid(8a18539e7c79d064d9afdb17b83e0eb8) Importer(815301076,1909f56bfc062723c751e8b465ee728b)
Start importing Assets/images/BackgroundNavyGridSprite.png using Guid(8a18539e7c79d064d9afdb17b83e0eb8) Importer(815301076,1909f56bfc062723c751e8b465ee728b)  -> (artifact id: '8f48f4de3c94cd65fc2fe55392ac0bb1') in 0.010922 seconds
  Import took 0.012613 seconds .

========================================================================
Received Import Request.
  Time since last request: 58.840051 seconds.
  path: Assets/images/12535-tecnologia.jpg
  artifactKey: Guid(8bdaec11d02c0ac4086257dbbfbc6a13) Importer(815301076,1909f56bfc062723c751e8b465ee728b)
Start importing Assets/images/12535-tecnologia.jpg using Guid(8bdaec11d02c0ac4086257dbbfbc6a13) Importer(815301076,1909f56bfc062723c751e8b465ee728b)  -> (artifact id: '015b487780c66bae3f6e658c9811a7ee') in 0.014233 seconds
  Import took 0.016292 seconds .

AssetImportWorkerClient::OnTransportError - code=2 error=End of file
